<?xml version="1.0" encoding="UTF-8"?>
<!DOCTYPE html PUBLIC "-//W3C//DTD XHTML 1.0 Strict//EN" "http://www.w3.org/TR/xhtml1/DTD/xhtml1-strict.dtd">
<html xmlns="http://www.w3.org/1999/xhtml">
<head>
    <title>慕课网测试报告</title>
    <meta name="generator" content="HTMLTestRunner 0.8.2"/>
    <meta http-equiv="Content-Type" content="text/html; charset=UTF-8"/>
    
<style type="text/css" media="screen">
body        { font-family: verdana, arial, helvetica, sans-serif; font-size: 80%; }
table       { font-size: 100%; }
pre         { }

/* -- heading ---------------------------------------------------------------------- */
h1 {
	font-size: 16pt;
	color: gray;
}
.heading {
    margin-top: 0ex;
    margin-bottom: 1ex;
}

.heading .attribute {
    margin-top: 1ex;
    margin-bottom: 0;
}

.heading .description {
    margin-top: 4ex;
    margin-bottom: 6ex;
}

/* -- css div popup ------------------------------------------------------------------------ */
a.popup_link {
}

a.popup_link:hover {
    color: red;
}

.popup_window {
    display: none;
    position: relative;
    left: 0px;
    top: 0px;
    /*border: solid #627173 1px; */
    padding: 10px;
    background-color: #E6E6D6;
    font-family: "Lucida Console", "Courier New", Courier, monospace;
    text-align: left;
    font-size: 8pt;
    width: 500px;
}

}
/* -- report ------------------------------------------------------------------------ */
#show_detail_line {
    margin-top: 3ex;
    margin-bottom: 1ex;
}
#result_table {
    width: 80%;
    border-collapse: collapse;
    border: 1px solid #777;
}
#header_row {
    font-weight: bold;
    color: white;
    background-color: #777;
}
#result_table td {
    border: 1px solid #777;
    padding: 2px;
}
#total_row  { font-weight: bold; }
.passClass  { background-color: #6c6; }
.failClass  { background-color: #c60; }
.errorClass { background-color: #c00; }
.passCase   { color: #6c6; }
.failCase   { color: #c60; font-weight: bold; }
.errorCase  { color: #c00; font-weight: bold; }
.hiddenRow  { display: none; }
.testcase   { margin-left: 2em; }


/* -- ending ---------------------------------------------------------------------- */
#ending {
}

</style>

</head>
<body>
<script language="javascript" type="text/javascript"><!--
output_list = Array();

/* level - 0:Summary; 1:Failed; 2:All */
function showCase(level) {
    trs = document.getElementsByTagName("tr");
    for (var i = 0; i < trs.length; i++) {
        tr = trs[i];
        id = tr.id;
        if (id.substr(0,2) == 'ft') {
            if (level < 1) {
                tr.className = 'hiddenRow';
            }
            else {
                tr.className = '';
            }
        }
        if (id.substr(0,2) == 'pt') {
            if (level > 1) {
                tr.className = '';
            }
            else {
                tr.className = 'hiddenRow';
            }
        }
    }
}


function showClassDetail(cid, count) {
    var id_list = Array(count);
    var toHide = 1;
    for (var i = 0; i < count; i++) {
        tid0 = 't' + cid.substr(1) + '.' + (i+1);
        tid = 'f' + tid0;
        tr = document.getElementById(tid);
        if (!tr) {
            tid = 'p' + tid0;
            tr = document.getElementById(tid);
        }
        id_list[i] = tid;
        if (tr.className) {
            toHide = 0;
        }
    }
    for (var i = 0; i < count; i++) {
        tid = id_list[i];
        if (toHide) {
            document.getElementById('div_'+tid).style.display = 'none'
            document.getElementById(tid).className = 'hiddenRow';
        }
        else {
            document.getElementById(tid).className = '';
        }
    }
}


function showTestDetail(div_id){
    var details_div = document.getElementById(div_id)
    var displayState = details_div.style.display
    // alert(displayState)
    if (displayState != 'block' ) {
        displayState = 'block'
        details_div.style.display = 'block'
    }
    else {
        details_div.style.display = 'none'
    }
}


function html_escape(s) {
    s = s.replace(/&/g,'&amp;');
    s = s.replace(/</g,'&lt;');
    s = s.replace(/>/g,'&gt;');
    return s;
}

/* obsoleted by detail in <div>
function showOutput(id, name) {
    var w = window.open("", //url
                    name,
                    "resizable,scrollbars,status,width=800,height=450");
    d = w.document;
    d.write("<pre>");
    d.write(html_escape(output_list[id]));
    d.write("\n");
    d.write("<a href='javascript:window.close()'>close</a>\n");
    d.write("</pre>\n");
    d.close();
}
*/
--></script>

<div class='heading'>
<h1>慕课网测试报告</h1>
<p class='attribute'><strong>Start Time:</strong> 2017-12-14 22:41:51</p>
<p class='attribute'><strong>Duration:</strong> 0:01:53.307691</p>
<p class='attribute'><strong>Status:</strong> Pass 3 Failure 3 Error 4</p>

<p class='description'>环境windows 10 浏览器：firefox</p>
</div>



<p id='show_detail_line'>Show
<a href='javascript:showCase(0)'>Summary</a>
<a href='javascript:showCase(1)'>Failed</a>
<a href='javascript:showCase(2)'>All</a>
</p>
<table id='result_table'>
<colgroup>
<col align='left' />
<col align='right' />
<col align='right' />
<col align='right' />
<col align='right' />
<col align='right' />
</colgroup>
<tr id='header_row'>
    <td>Test Group/Test case</td>
    <td>Count</td>
    <td>Pass</td>
    <td>Fail</td>
    <td>Error</td>
    <td>View</td>
</tr>

<tr class='errorClass'>
    <td>test_a_login_maoyan.Test</td>
    <td>4</td>
    <td>0</td>
    <td>3</td>
    <td>1</td>
    <td><a href="javascript:showClassDetail('c1',4)">Detail</a></td>
</tr>

<tr id='ft1.1' class='none'>
    <td class='errorCase'><div class='testcase'>test_maoyan: 登录冒烟测试</div></td>
    <td colspan='5' align='center'>

    <!--css div popup start-->
    <a class="popup_link" onfocus='this.blur();' href="javascript:showTestDetail('div_ft1.1')" >
        error</a>

    <div id='div_ft1.1' class="popup_window">
        <div style='text-align: right; color:red;cursor:pointer'>
        <a onfocus='this.blur();' onclick="document.getElementById('div_ft1.1').style.display = 'none' " >
           [x]</a>
        </div>
        <pre>
        
ft1.1: Traceback (most recent call last):
  File "C:\Users\lintao\Desktop\imooc\testcase\test_a_login_maoyan.py", line 21, in test_maoyan
    self.login.move_to_header()
  File "C:\Users\lintao\Desktop\imooc\testcase\pageObject\loginpage.py", line 28, in move_to_header
    self.move_to_element(self.user_header_loc)
  File "C:\Users\lintao\Desktop\imooc\testcase\models\base.py", line 92, in move_to_element
    e = self.find_element(locator)
  File "C:\Users\lintao\Desktop\imooc\testcase\models\base.py", line 61, in find_element
    element = WebDriverWait(self.driver,timeout).until(lambda x:x.find_element(*locator))
  File "C:\Users\lintao\AppData\Local\Programs\Python\Python35\lib\site-packages\selenium\webdriver\support\wait.py", line 80, in until
    raise TimeoutException(message, screen, stacktrace)
selenium.common.exceptions.TimeoutException: Message: 
Stacktrace:
    at FirefoxDriver.prototype.findElementInternal_ (file:///C:/Users/lintao/AppData/Local/Temp/tmpvq_a4ej6/extensions/fxdriver@googlecode.com/components/driver-component.js:10770)
    at FirefoxDriver.prototype.findElement (file:///C:/Users/lintao/AppData/Local/Temp/tmpvq_a4ej6/extensions/fxdriver@googlecode.com/components/driver-component.js:10779)
    at DelayedCommand.prototype.executeInternal_/h (file:///C:/Users/lintao/AppData/Local/Temp/tmpvq_a4ej6/extensions/fxdriver@googlecode.com/components/command-processor.js:12661)
    at DelayedCommand.prototype.executeInternal_ (file:///C:/Users/lintao/AppData/Local/Temp/tmpvq_a4ej6/extensions/fxdriver@googlecode.com/components/command-processor.js:12666)
    at DelayedCommand.prototype.execute/&lt; (file:///C:/Users/lintao/AppData/Local/Temp/tmpvq_a4ej6/extensions/fxdriver@googlecode.com/components/command-processor.js:12608)
Traceback (most recent call last):
  File "C:\Users\lintao\Desktop\imooc\testcase\test_a_login_maoyan.py", line 21, in test_maoyan
    self.login.move_to_header()
  File "C:\Users\lintao\Desktop\imooc\testcase\pageObject\loginpage.py", line 28, in move_to_header
    self.move_to_element(self.user_header_loc)
  File "C:\Users\lintao\Desktop\imooc\testcase\models\base.py", line 92, in move_to_element
    e = self.find_element(locator)
  File "C:\Users\lintao\Desktop\imooc\testcase\models\base.py", line 61, in find_element
    element = WebDriverWait(self.driver,timeout).until(lambda x:x.find_element(*locator))
  File "C:\Users\lintao\AppData\Local\Programs\Python\Python35\lib\site-packages\selenium\webdriver\support\wait.py", line 80, in until
    raise TimeoutException(message, screen, stacktrace)
selenium.common.exceptions.TimeoutException: Message: 
Stacktrace:
    at FirefoxDriver.prototype.findElementInternal_ (file:///C:/Users/lintao/AppData/Local/Temp/tmpvq_a4ej6/extensions/fxdriver@googlecode.com/components/driver-component.js:10770)
    at FirefoxDriver.prototype.findElement (file:///C:/Users/lintao/AppData/Local/Temp/tmpvq_a4ej6/extensions/fxdriver@googlecode.com/components/driver-component.js:10779)
    at DelayedCommand.prototype.executeInternal_/h (file:///C:/Users/lintao/AppData/Local/Temp/tmpvq_a4ej6/extensions/fxdriver@googlecode.com/components/command-processor.js:12661)
    at DelayedCommand.prototype.executeInternal_ (file:///C:/Users/lintao/AppData/Local/Temp/tmpvq_a4ej6/extensions/fxdriver@googlecode.com/components/command-processor.js:12666)
    at DelayedCommand.prototype.execute/&lt; (file:///C:/Users/lintao/AppData/Local/Temp/tmpvq_a4ej6/extensions/fxdriver@googlecode.com/components/command-processor.js:12608)


        </pre>
    </div>
    <!--css div popup end-->

    </td>
</tr>

<tr id='ft1.2' class='none'>
    <td class='failCase'><div class='testcase'>test_pswError: 登录密码错误</div></td>
    <td colspan='5' align='center'>

    <!--css div popup start-->
    <a class="popup_link" onfocus='this.blur();' href="javascript:showTestDetail('div_ft1.2')" >
        fail</a>

    <div id='div_ft1.2' class="popup_window">
        <div style='text-align: right; color:red;cursor:pointer'>
        <a onfocus='this.blur();' onclick="document.getElementById('div_ft1.2').style.display = 'none' " >
           [x]</a>
        </div>
        <pre>
        
ft1.2: Traceback (most recent call last):
  File "C:\Users\lintao\Desktop\imooc\testcase\test_a_login_maoyan.py", line 40, in test_pswError
    self.assertEqual(result,hope)
AssertionError: '验证码为空' != '密码错误'
- 验证码为空
+ 密码错误

Traceback (most recent call last):
  File "C:\Users\lintao\Desktop\imooc\testcase\test_a_login_maoyan.py", line 40, in test_pswError
    self.assertEqual(result,hope)
AssertionError: '验证码为空' != '密码错误'
- 验证码为空
+ 密码错误



        </pre>
    </div>
    <!--css div popup end-->

    </td>
</tr>

<tr id='ft1.3' class='none'>
    <td class='failCase'><div class='testcase'>test_usernameNotExist_1: 账号未注册</div></td>
    <td colspan='5' align='center'>

    <!--css div popup start-->
    <a class="popup_link" onfocus='this.blur();' href="javascript:showTestDetail('div_ft1.3')" >
        fail</a>

    <div id='div_ft1.3' class="popup_window">
        <div style='text-align: right; color:red;cursor:pointer'>
        <a onfocus='this.blur();' onclick="document.getElementById('div_ft1.3').style.display = 'none' " >
           [x]</a>
        </div>
        <pre>
        
ft1.3: Traceback (most recent call last):
  File "C:\Users\lintao\AppData\Local\Programs\Python\Python35\lib\site-packages\ddt.py", line 139, in wrapper
    return func(self, *args, **kwargs)
  File "C:\Users\lintao\Desktop\imooc\testcase\test_a_login_maoyan.py", line 32, in test_usernameNotExist
    self.assertEqual(result,hope)
AssertionError: '验证码为空' != '账号未注册'
- 验证码为空
+ 账号未注册

Traceback (most recent call last):
  File "C:\Users\lintao\AppData\Local\Programs\Python\Python35\lib\site-packages\ddt.py", line 139, in wrapper
    return func(self, *args, **kwargs)
  File "C:\Users\lintao\Desktop\imooc\testcase\test_a_login_maoyan.py", line 32, in test_usernameNotExist
    self.assertEqual(result,hope)
AssertionError: '验证码为空' != '账号未注册'
- 验证码为空
+ 账号未注册



        </pre>
    </div>
    <!--css div popup end-->

    </td>
</tr>

<tr id='ft1.4' class='none'>
    <td class='failCase'><div class='testcase'>test_usernameNotExist_2: 账号未注册</div></td>
    <td colspan='5' align='center'>

    <!--css div popup start-->
    <a class="popup_link" onfocus='this.blur();' href="javascript:showTestDetail('div_ft1.4')" >
        fail</a>

    <div id='div_ft1.4' class="popup_window">
        <div style='text-align: right; color:red;cursor:pointer'>
        <a onfocus='this.blur();' onclick="document.getElementById('div_ft1.4').style.display = 'none' " >
           [x]</a>
        </div>
        <pre>
        
ft1.4: Traceback (most recent call last):
  File "C:\Users\lintao\AppData\Local\Programs\Python\Python35\lib\site-packages\ddt.py", line 139, in wrapper
    return func(self, *args, **kwargs)
  File "C:\Users\lintao\Desktop\imooc\testcase\test_a_login_maoyan.py", line 32, in test_usernameNotExist
    self.assertEqual(result,hope)
AssertionError: '验证码为空' != '账号未注册'
- 验证码为空
+ 账号未注册

Traceback (most recent call last):
  File "C:\Users\lintao\AppData\Local\Programs\Python\Python35\lib\site-packages\ddt.py", line 139, in wrapper
    return func(self, *args, **kwargs)
  File "C:\Users\lintao\Desktop\imooc\testcase\test_a_login_maoyan.py", line 32, in test_usernameNotExist
    self.assertEqual(result,hope)
AssertionError: '验证码为空' != '账号未注册'
- 验证码为空
+ 账号未注册



        </pre>
    </div>
    <!--css div popup end-->

    </td>
</tr>

<tr class='passClass'>
    <td>test_login_psw.Test7</td>
    <td>2</td>
    <td>2</td>
    <td>0</td>
    <td>0</td>
    <td><a href="javascript:showClassDetail('c2',2)">Detail</a></td>
</tr>

<tr id='pt2.1' class='hiddenRow'>
    <td class='none'><div class='testcase'>test_username_1_12345: 密码位数、格式错误</div></td>
    <td colspan='5' align='center'>pass</td>
</tr>

<tr id='pt2.2' class='hiddenRow'>
    <td class='none'><div class='testcase'>test_username_2_123456_: 密码位数、格式错误</div></td>
    <td colspan='5' align='center'>pass</td>
</tr>

<tr class='errorClass'>
    <td>test_login_username.Test6</td>
    <td>4</td>
    <td>1</td>
    <td>0</td>
    <td>3</td>
    <td><a href="javascript:showClassDetail('c3',4)">Detail</a></td>
</tr>

<tr id='pt3.1' class='hiddenRow'>
    <td class='none'><div class='testcase'>test_username_1_130552119900: 账号位数、格式错误</div></td>
    <td colspan='5' align='center'>pass</td>
</tr>

<tr id='ft3.2' class='none'>
    <td class='errorCase'><div class='testcase'>test_username_2_123: 账号位数、格式错误</div></td>
    <td colspan='5' align='center'>

    <!--css div popup start-->
    <a class="popup_link" onfocus='this.blur();' href="javascript:showTestDetail('div_ft3.2')" >
        error</a>

    <div id='div_ft3.2' class="popup_window">
        <div style='text-align: right; color:red;cursor:pointer'>
        <a onfocus='this.blur();' onclick="document.getElementById('div_ft3.2').style.display = 'none' " >
           [x]</a>
        </div>
        <pre>
        
ft3.2: Traceback (most recent call last):
  File "C:\Users\lintao\AppData\Local\Programs\Python\Python35\lib\site-packages\ddt.py", line 139, in wrapper
    return func(self, *args, **kwargs)
  File "C:\Users\lintao\Desktop\imooc\testcase\test_login_username.py", line 21, in test_username
    self.login.input_username(testdata)
  File "C:\Users\lintao\Desktop\imooc\testcase\pageObject\loginpage.py", line 20, in input_username
    self.send_keys(self.username_loc,username)
  File "C:\Users\lintao\Desktop\imooc\testcase\models\base.py", line 83, in send_keys
    element = self.find_element(locator)
  File "C:\Users\lintao\Desktop\imooc\testcase\models\base.py", line 61, in find_element
    element = WebDriverWait(self.driver,timeout).until(lambda x:x.find_element(*locator))
  File "C:\Users\lintao\AppData\Local\Programs\Python\Python35\lib\site-packages\selenium\webdriver\support\wait.py", line 80, in until
    raise TimeoutException(message, screen, stacktrace)
selenium.common.exceptions.TimeoutException: Message: 
Stacktrace:
    at FirefoxDriver.prototype.findElementInternal_ (file:///C:/Users/lintao/AppData/Local/Temp/tmpzxiom0kz/extensions/fxdriver@googlecode.com/components/driver-component.js:10770)
    at FirefoxDriver.prototype.findElement (file:///C:/Users/lintao/AppData/Local/Temp/tmpzxiom0kz/extensions/fxdriver@googlecode.com/components/driver-component.js:10779)
    at DelayedCommand.prototype.executeInternal_/h (file:///C:/Users/lintao/AppData/Local/Temp/tmpzxiom0kz/extensions/fxdriver@googlecode.com/components/command-processor.js:12661)
    at DelayedCommand.prototype.executeInternal_ (file:///C:/Users/lintao/AppData/Local/Temp/tmpzxiom0kz/extensions/fxdriver@googlecode.com/components/command-processor.js:12666)
    at DelayedCommand.prototype.execute/&lt; (file:///C:/Users/lintao/AppData/Local/Temp/tmpzxiom0kz/extensions/fxdriver@googlecode.com/components/command-processor.js:12608)
Traceback (most recent call last):
  File "C:\Users\lintao\AppData\Local\Programs\Python\Python35\lib\site-packages\ddt.py", line 139, in wrapper
    return func(self, *args, **kwargs)
  File "C:\Users\lintao\Desktop\imooc\testcase\test_login_username.py", line 21, in test_username
    self.login.input_username(testdata)
  File "C:\Users\lintao\Desktop\imooc\testcase\pageObject\loginpage.py", line 20, in input_username
    self.send_keys(self.username_loc,username)
  File "C:\Users\lintao\Desktop\imooc\testcase\models\base.py", line 83, in send_keys
    element = self.find_element(locator)
  File "C:\Users\lintao\Desktop\imooc\testcase\models\base.py", line 61, in find_element
    element = WebDriverWait(self.driver,timeout).until(lambda x:x.find_element(*locator))
  File "C:\Users\lintao\AppData\Local\Programs\Python\Python35\lib\site-packages\selenium\webdriver\support\wait.py", line 80, in until
    raise TimeoutException(message, screen, stacktrace)
selenium.common.exceptions.TimeoutException: Message: 
Stacktrace:
    at FirefoxDriver.prototype.findElementInternal_ (file:///C:/Users/lintao/AppData/Local/Temp/tmpzxiom0kz/extensions/fxdriver@googlecode.com/components/driver-component.js:10770)
    at FirefoxDriver.prototype.findElement (file:///C:/Users/lintao/AppData/Local/Temp/tmpzxiom0kz/extensions/fxdriver@googlecode.com/components/driver-component.js:10779)
    at DelayedCommand.prototype.executeInternal_/h (file:///C:/Users/lintao/AppData/Local/Temp/tmpzxiom0kz/extensions/fxdriver@googlecode.com/components/command-processor.js:12661)
    at DelayedCommand.prototype.executeInternal_ (file:///C:/Users/lintao/AppData/Local/Temp/tmpzxiom0kz/extensions/fxdriver@googlecode.com/components/command-processor.js:12666)
    at DelayedCommand.prototype.execute/&lt; (file:///C:/Users/lintao/AppData/Local/Temp/tmpzxiom0kz/extensions/fxdriver@googlecode.com/components/command-processor.js:12608)


        </pre>
    </div>
    <!--css div popup end-->

    </td>
</tr>

<tr id='ft3.3' class='none'>
    <td class='errorCase'><div class='testcase'>test_username_3_1305521199a: 账号位数、格式错误</div></td>
    <td colspan='5' align='center'>

    <!--css div popup start-->
    <a class="popup_link" onfocus='this.blur();' href="javascript:showTestDetail('div_ft3.3')" >
        error</a>

    <div id='div_ft3.3' class="popup_window">
        <div style='text-align: right; color:red;cursor:pointer'>
        <a onfocus='this.blur();' onclick="document.getElementById('div_ft3.3').style.display = 'none' " >
           [x]</a>
        </div>
        <pre>
        
ft3.3: Traceback (most recent call last):
  File "C:\Users\lintao\AppData\Local\Programs\Python\Python35\lib\site-packages\ddt.py", line 139, in wrapper
    return func(self, *args, **kwargs)
  File "C:\Users\lintao\Desktop\imooc\testcase\test_login_username.py", line 21, in test_username
    self.login.input_username(testdata)
  File "C:\Users\lintao\Desktop\imooc\testcase\pageObject\loginpage.py", line 20, in input_username
    self.send_keys(self.username_loc,username)
  File "C:\Users\lintao\Desktop\imooc\testcase\models\base.py", line 83, in send_keys
    element = self.find_element(locator)
  File "C:\Users\lintao\Desktop\imooc\testcase\models\base.py", line 61, in find_element
    element = WebDriverWait(self.driver,timeout).until(lambda x:x.find_element(*locator))
  File "C:\Users\lintao\AppData\Local\Programs\Python\Python35\lib\site-packages\selenium\webdriver\support\wait.py", line 71, in until
    value = method(self._driver)
  File "C:\Users\lintao\Desktop\imooc\testcase\models\base.py", line 61, in &lt;lambda&gt;
    element = WebDriverWait(self.driver,timeout).until(lambda x:x.find_element(*locator))
  File "C:\Users\lintao\AppData\Local\Programs\Python\Python35\lib\site-packages\selenium\webdriver\remote\webdriver.py", line 752, in find_element
    'value': value})['value']
  File "C:\Users\lintao\AppData\Local\Programs\Python\Python35\lib\site-packages\selenium\webdriver\remote\webdriver.py", line 236, in execute
    self.error_handler.check_response(response)
  File "C:\Users\lintao\AppData\Local\Programs\Python\Python35\lib\site-packages\selenium\webdriver\remote\errorhandler.py", line 192, in check_response
    raise exception_class(message, screen, stacktrace)
selenium.common.exceptions.NoSuchWindowException: Message: Window not found. The browser window may have been closed.
Stacktrace:
    at nsCommandProcessor.prototype.execute (file:///C:/Users/lintao/AppData/Local/Temp/tmpzxiom0kz/extensions/fxdriver@googlecode.com/components/command-processor.js:12719)
    at Dispatcher.executeAs/&lt; (file:///C:/Users/lintao/AppData/Local/Temp/tmpzxiom0kz/extensions/fxdriver@googlecode.com/components/driver-component.js:9558)
    at Resource.prototype.handle (file:///C:/Users/lintao/AppData/Local/Temp/tmpzxiom0kz/extensions/fxdriver@googlecode.com/components/driver-component.js:9705)
    at Dispatcher.prototype.dispatch (file:///C:/Users/lintao/AppData/Local/Temp/tmpzxiom0kz/extensions/fxdriver@googlecode.com/components/driver-component.js:9652)
    at WebDriverServer/&lt;.handle (file:///C:/Users/lintao/AppData/Local/Temp/tmpzxiom0kz/extensions/fxdriver@googlecode.com/components/driver-component.js:12517)
    at createHandlerFunc/&lt; (file:///C:/Users/lintao/AppData/Local/Temp/tmpzxiom0kz/extensions/fxdriver@googlecode.com/components/httpd.js:2054)
    at ServerHandler.prototype.handleResponse (file:///C:/Users/lintao/AppData/Local/Temp/tmpzxiom0kz/extensions/fxdriver@googlecode.com/components/httpd.js:2387)
    at Connection.prototype.process (file:///C:/Users/lintao/AppData/Local/Temp/tmpzxiom0kz/extensions/fxdriver@googlecode.com/components/httpd.js:1223)
    at RequestReader.prototype._handleResponse (file:///C:/Users/lintao/AppData/Local/Temp/tmpzxiom0kz/extensions/fxdriver@googlecode.com/components/httpd.js:1677)
    at RequestReader.prototype._processBody (file:///C:/Users/lintao/AppData/Local/Temp/tmpzxiom0kz/extensions/fxdriver@googlecode.com/components/httpd.js:1525)
    at RequestReader.prototype.onInputStreamReady (file:///C:/Users/lintao/AppData/Local/Temp/tmpzxiom0kz/extensions/fxdriver@googlecode.com/components/httpd.js:1393)
Traceback (most recent call last):
  File "C:\Users\lintao\AppData\Local\Programs\Python\Python35\lib\site-packages\ddt.py", line 139, in wrapper
    return func(self, *args, **kwargs)
  File "C:\Users\lintao\Desktop\imooc\testcase\test_login_username.py", line 21, in test_username
    self.login.input_username(testdata)
  File "C:\Users\lintao\Desktop\imooc\testcase\pageObject\loginpage.py", line 20, in input_username
    self.send_keys(self.username_loc,username)
  File "C:\Users\lintao\Desktop\imooc\testcase\models\base.py", line 83, in send_keys
    element = self.find_element(locator)
  File "C:\Users\lintao\Desktop\imooc\testcase\models\base.py", line 61, in find_element
    element = WebDriverWait(self.driver,timeout).until(lambda x:x.find_element(*locator))
  File "C:\Users\lintao\AppData\Local\Programs\Python\Python35\lib\site-packages\selenium\webdriver\support\wait.py", line 71, in until
    value = method(self._driver)
  File "C:\Users\lintao\Desktop\imooc\testcase\models\base.py", line 61, in &lt;lambda&gt;
    element = WebDriverWait(self.driver,timeout).until(lambda x:x.find_element(*locator))
  File "C:\Users\lintao\AppData\Local\Programs\Python\Python35\lib\site-packages\selenium\webdriver\remote\webdriver.py", line 752, in find_element
    'value': value})['value']
  File "C:\Users\lintao\AppData\Local\Programs\Python\Python35\lib\site-packages\selenium\webdriver\remote\webdriver.py", line 236, in execute
    self.error_handler.check_response(response)
  File "C:\Users\lintao\AppData\Local\Programs\Python\Python35\lib\site-packages\selenium\webdriver\remote\errorhandler.py", line 192, in check_response
    raise exception_class(message, screen, stacktrace)
selenium.common.exceptions.NoSuchWindowException: Message: Window not found. The browser window may have been closed.
Stacktrace:
    at nsCommandProcessor.prototype.execute (file:///C:/Users/lintao/AppData/Local/Temp/tmpzxiom0kz/extensions/fxdriver@googlecode.com/components/command-processor.js:12719)
    at Dispatcher.executeAs/&lt; (file:///C:/Users/lintao/AppData/Local/Temp/tmpzxiom0kz/extensions/fxdriver@googlecode.com/components/driver-component.js:9558)
    at Resource.prototype.handle (file:///C:/Users/lintao/AppData/Local/Temp/tmpzxiom0kz/extensions/fxdriver@googlecode.com/components/driver-component.js:9705)
    at Dispatcher.prototype.dispatch (file:///C:/Users/lintao/AppData/Local/Temp/tmpzxiom0kz/extensions/fxdriver@googlecode.com/components/driver-component.js:9652)
    at WebDriverServer/&lt;.handle (file:///C:/Users/lintao/AppData/Local/Temp/tmpzxiom0kz/extensions/fxdriver@googlecode.com/components/driver-component.js:12517)
    at createHandlerFunc/&lt; (file:///C:/Users/lintao/AppData/Local/Temp/tmpzxiom0kz/extensions/fxdriver@googlecode.com/components/httpd.js:2054)
    at ServerHandler.prototype.handleResponse (file:///C:/Users/lintao/AppData/Local/Temp/tmpzxiom0kz/extensions/fxdriver@googlecode.com/components/httpd.js:2387)
    at Connection.prototype.process (file:///C:/Users/lintao/AppData/Local/Temp/tmpzxiom0kz/extensions/fxdriver@googlecode.com/components/httpd.js:1223)
    at RequestReader.prototype._handleResponse (file:///C:/Users/lintao/AppData/Local/Temp/tmpzxiom0kz/extensions/fxdriver@googlecode.com/components/httpd.js:1677)
    at RequestReader.prototype._processBody (file:///C:/Users/lintao/AppData/Local/Temp/tmpzxiom0kz/extensions/fxdriver@googlecode.com/components/httpd.js:1525)
    at RequestReader.prototype.onInputStreamReady (file:///C:/Users/lintao/AppData/Local/Temp/tmpzxiom0kz/extensions/fxdriver@googlecode.com/components/httpd.js:1393)


        </pre>
    </div>
    <!--css div popup end-->

    </td>
</tr>

<tr id='ft3.4' class='none'>
    <td class='errorCase'><div class='testcase'>test_username_4_1_q: 账号位数、格式错误</div></td>
    <td colspan='5' align='center'>

    <!--css div popup start-->
    <a class="popup_link" onfocus='this.blur();' href="javascript:showTestDetail('div_ft3.4')" >
        error</a>

    <div id='div_ft3.4' class="popup_window">
        <div style='text-align: right; color:red;cursor:pointer'>
        <a onfocus='this.blur();' onclick="document.getElementById('div_ft3.4').style.display = 'none' " >
           [x]</a>
        </div>
        <pre>
        
ft3.4: Traceback (most recent call last):
  File "C:\Users\lintao\AppData\Local\Programs\Python\Python35\lib\site-packages\ddt.py", line 139, in wrapper
    return func(self, *args, **kwargs)
  File "C:\Users\lintao\Desktop\imooc\testcase\test_login_username.py", line 20, in test_username
    self.login.click_login_window()
  File "C:\Users\lintao\Desktop\imooc\testcase\pageObject\loginpage.py", line 18, in click_login_window
    self.click(self.login_window_loc)
  File "C:\Users\lintao\Desktop\imooc\testcase\models\base.py", line 89, in click
    self.find_element(locator).click()
  File "C:\Users\lintao\Desktop\imooc\testcase\models\base.py", line 61, in find_element
    element = WebDriverWait(self.driver,timeout).until(lambda x:x.find_element(*locator))
  File "C:\Users\lintao\AppData\Local\Programs\Python\Python35\lib\site-packages\selenium\webdriver\support\wait.py", line 71, in until
    value = method(self._driver)
  File "C:\Users\lintao\Desktop\imooc\testcase\models\base.py", line 61, in &lt;lambda&gt;
    element = WebDriverWait(self.driver,timeout).until(lambda x:x.find_element(*locator))
  File "C:\Users\lintao\AppData\Local\Programs\Python\Python35\lib\site-packages\selenium\webdriver\remote\webdriver.py", line 752, in find_element
    'value': value})['value']
  File "C:\Users\lintao\AppData\Local\Programs\Python\Python35\lib\site-packages\selenium\webdriver\remote\webdriver.py", line 234, in execute
    response = self.command_executor.execute(driver_command, params)
  File "C:\Users\lintao\AppData\Local\Programs\Python\Python35\lib\site-packages\selenium\webdriver\remote\remote_connection.py", line 401, in execute
    return self._request(command_info[0], url, body=data)
  File "C:\Users\lintao\AppData\Local\Programs\Python\Python35\lib\site-packages\selenium\webdriver\remote\remote_connection.py", line 433, in _request
    resp = self._conn.getresponse()
  File "C:\Users\lintao\AppData\Local\Programs\Python\Python35\lib\http\client.py", line 1197, in getresponse
    response.begin()
  File "C:\Users\lintao\AppData\Local\Programs\Python\Python35\lib\http\client.py", line 297, in begin
    version, status, reason = self._read_status()
  File "C:\Users\lintao\AppData\Local\Programs\Python\Python35\lib\http\client.py", line 266, in _read_status
    raise RemoteDisconnected("Remote end closed connection without"
http.client.RemoteDisconnected: Remote end closed connection without response
Traceback (most recent call last):
  File "C:\Users\lintao\AppData\Local\Programs\Python\Python35\lib\site-packages\ddt.py", line 139, in wrapper
    return func(self, *args, **kwargs)
  File "C:\Users\lintao\Desktop\imooc\testcase\test_login_username.py", line 20, in test_username
    self.login.click_login_window()
  File "C:\Users\lintao\Desktop\imooc\testcase\pageObject\loginpage.py", line 18, in click_login_window
    self.click(self.login_window_loc)
  File "C:\Users\lintao\Desktop\imooc\testcase\models\base.py", line 89, in click
    self.find_element(locator).click()
  File "C:\Users\lintao\Desktop\imooc\testcase\models\base.py", line 61, in find_element
    element = WebDriverWait(self.driver,timeout).until(lambda x:x.find_element(*locator))
  File "C:\Users\lintao\AppData\Local\Programs\Python\Python35\lib\site-packages\selenium\webdriver\support\wait.py", line 71, in until
    value = method(self._driver)
  File "C:\Users\lintao\Desktop\imooc\testcase\models\base.py", line 61, in &lt;lambda&gt;
    element = WebDriverWait(self.driver,timeout).until(lambda x:x.find_element(*locator))
  File "C:\Users\lintao\AppData\Local\Programs\Python\Python35\lib\site-packages\selenium\webdriver\remote\webdriver.py", line 752, in find_element
    'value': value})['value']
  File "C:\Users\lintao\AppData\Local\Programs\Python\Python35\lib\site-packages\selenium\webdriver\remote\webdriver.py", line 234, in execute
    response = self.command_executor.execute(driver_command, params)
  File "C:\Users\lintao\AppData\Local\Programs\Python\Python35\lib\site-packages\selenium\webdriver\remote\remote_connection.py", line 401, in execute
    return self._request(command_info[0], url, body=data)
  File "C:\Users\lintao\AppData\Local\Programs\Python\Python35\lib\site-packages\selenium\webdriver\remote\remote_connection.py", line 433, in _request
    resp = self._conn.getresponse()
  File "C:\Users\lintao\AppData\Local\Programs\Python\Python35\lib\http\client.py", line 1197, in getresponse
    response.begin()
  File "C:\Users\lintao\AppData\Local\Programs\Python\Python35\lib\http\client.py", line 297, in begin
    version, status, reason = self._read_status()
  File "C:\Users\lintao\AppData\Local\Programs\Python\Python35\lib\http\client.py", line 266, in _read_status
    raise RemoteDisconnected("Remote end closed connection without"
http.client.RemoteDisconnected: Remote end closed connection without response


        </pre>
    </div>
    <!--css div popup end-->

    </td>
</tr>

<tr id='total_row'>
    <td>Total</td>
    <td>10</td>
    <td>3</td>
    <td>3</td>
    <td>4</td>
    <td>&nbsp;</td>
</tr>
</table>

<div id='ending'>&nbsp;</div>

</body>
</html>
